<?xml version="1.0" encoding="UTF-8"?>
<testng-results skipped="0" failed="0" ignored="0" total="5" passed="5">
  <reporter-output>
  </reporter-output>
  <suite name="Default suite" duration-ms="23402" started-at="2021-04-30T02:38:23Z" finished-at="2021-04-30T02:38:47Z">
    <groups>
    </groups>
    <test name="Default test" duration-ms="23402" started-at="2021-04-30T02:38:23Z" finished-at="2021-04-30T02:38:47Z">
      <class name="task.LoginAndCheckout">
        <test-method status="PASS" signature="preconditions()[pri:0, instance:task.LoginAndCheckout@7f9a81e8]" name="preconditions" is-config="true" duration-ms="7880" started-at="2021-04-30T04:38:23Z" finished-at="2021-04-30T04:38:31Z">
          <reporter-output>
          </reporter-output>
        </test-method> <!-- preconditions -->
        <test-method status="PASS" signature="Step1_loginToWebSite()[pri:0, instance:task.LoginAndCheckout@7f9a81e8]" name="Step1_loginToWebSite" duration-ms="5369" started-at="2021-04-30T04:38:31Z" finished-at="2021-04-30T04:38:36Z">
          <reporter-output>
          </reporter-output>
        </test-method> <!-- Step1_loginToWebSite -->
        <test-method status="PASS" signature="Step2_verifySuccessLogin()[pri:1, instance:task.LoginAndCheckout@7f9a81e8]" name="Step2_verifySuccessLogin" duration-ms="73" started-at="2021-04-30T04:38:36Z" finished-at="2021-04-30T04:38:37Z">
          <reporter-output>
          </reporter-output>
        </test-method> <!-- Step2_verifySuccessLogin -->
        <test-method status="PASS" signature="Step3_addItemToCart()[pri:2, instance:task.LoginAndCheckout@7f9a81e8]" name="Step3_addItemToCart" duration-ms="5336" started-at="2021-04-30T04:38:37Z" finished-at="2021-04-30T04:38:42Z">
          <reporter-output>
          </reporter-output>
        </test-method> <!-- Step3_addItemToCart -->
        <test-method status="PASS" signature="Step4_checkout()[pri:3, instance:task.LoginAndCheckout@7f9a81e8]" name="Step4_checkout" duration-ms="3722" started-at="2021-04-30T04:38:42Z" finished-at="2021-04-30T04:38:46Z">
          <reporter-output>
          </reporter-output>
        </test-method> <!-- Step4_checkout -->
        <test-method status="PASS" signature="Step6_verifyShoppingCartContainsOneProduct()[pri:5, instance:task.LoginAndCheckout@7f9a81e8]" name="Step6_verifyShoppingCartContainsOneProduct" duration-ms="34" started-at="2021-04-30T04:38:46Z" finished-at="2021-04-30T04:38:46Z">
          <reporter-output>
          </reporter-output>
        </test-method> <!-- Step6_verifyShoppingCartContainsOneProduct -->
        <test-method status="PASS" signature="closeDriver()[pri:0, instance:task.LoginAndCheckout@7f9a81e8]" name="closeDriver" is-config="true" duration-ms="952" started-at="2021-04-30T04:38:46Z" finished-at="2021-04-30T04:38:47Z">
          <reporter-output>
          </reporter-output>
        </test-method> <!-- closeDriver -->
      </class> <!-- task.LoginAndCheckout -->
    </test> <!-- Default test -->
  </suite> <!-- Default suite -->
</testng-results>
